[2014-08-25 08:28:36] production.ERROR: exception 'BadMethodCallException' with message 'Method [home] does not exist.' in /var/www/html/lr4/vendor/laravel/framework/src/Illuminate/Routing/Controller.php:268
Stack trace:
#0 [internal function]: Illuminate\Routing\Controller->__call('home', Array)
#1 [internal function]: HomeController->home()
#2 /var/www/html/lr4/vendor/laravel/framework/src/Illuminate/Routing/Controller.php(231): call_user_func_array(Array, Array)
#3 /var/www/html/lr4/bootstrap/compiled.php(5628): Illuminate\Routing\Controller->callAction('home', Array)
#4 /var/www/html/lr4/bootstrap/compiled.php(5616): Illuminate\Routing\ControllerDispatcher->call(Object(HomeController), Object(Illuminate\Routing\Route), 'home')
#5 /var/www/html/lr4/bootstrap/compiled.php(4815): Illuminate\Routing\ControllerDispatcher->dispatch(Object(Illuminate\Routing\Route), Object(Illuminate\Http\Request), 'HomeController', 'home')
#6 [internal function]: Illuminate\Routing\Router->Illuminate\Routing\{closure}()
#7 /var/www/html/lr4/bootstrap/compiled.php(5174): call_user_func_array(Object(Closure), Array)
#8 /var/www/html/lr4/bootstrap/compiled.php(4840): Illuminate\Routing\Route->run(Object(Illuminate\Http\Request))
#9 /var/www/html/lr4/bootstrap/compiled.php(4828): Illuminate\Routing\Router->dispatchToRoute(Object(Illuminate\Http\Request))
#10 /var/www/html/lr4/bootstrap/compiled.php(721): Illuminate\Routing\Router->dispatch(Object(Illuminate\Http\Request))
#11 /var/www/html/lr4/bootstrap/compiled.php(702): Illuminate\Foundation\Application->dispatch(Object(Illuminate\Http\Request))
#12 /var/www/html/lr4/bootstrap/compiled.php(7533): Illuminate\Foundation\Application->handle(Object(Illuminate\Http\Request), 1, true)
#13 /var/www/html/lr4/bootstrap/compiled.php(8136): Illuminate\Session\Middleware->handle(Object(Illuminate\Http\Request), 1, true)
#14 /var/www/html/lr4/bootstrap/compiled.php(8083): Illuminate\Cookie\Queue->handle(Object(Illuminate\Http\Request), 1, true)
#15 /var/www/html/lr4/bootstrap/compiled.php(10719): Illuminate\Cookie\Guard->handle(Object(Illuminate\Http\Request), 1, true)
#16 /var/www/html/lr4/bootstrap/compiled.php(663): Stack\StackedHttpKernel->handle(Object(Illuminate\Http\Request))
#17 /var/www/html/lr4/public/index.php(49): Illuminate\Foundation\Application->run()
#18 /var/www/html/lr4/server.php(19): require_once('/var/www/html/l...')
#19 {main} [] []
[2014-08-25 08:34:54] production.ERROR: exception 'Illuminate\Session\TokenMismatchException' in /var/www/html/lr4/app/filters.php:88
Stack trace:
#0 [internal function]: {closure}(Object(Illuminate\Routing\Route), Object(Illuminate\Http\Request))
#1 /var/www/html/lr4/bootstrap/compiled.php(6044): call_user_func_array(Object(Closure), Array)
#2 /var/www/html/lr4/bootstrap/compiled.php(6026): Illuminate\Events\Dispatcher->fire('router.filter: ...', Array, true)
#3 /var/www/html/lr4/bootstrap/compiled.php(5023): Illuminate\Events\Dispatcher->until('router.filter: ...', Array)
#4 /var/www/html/lr4/bootstrap/compiled.php(5005): Illuminate\Routing\Router->callRouteFilter('csrf', Array, Object(Illuminate\Routing\Route), Object(Illuminate\Http\Request))
#5 /var/www/html/lr4/bootstrap/compiled.php(4957): Illuminate\Routing\Router->callAttachedBefores(Object(Illuminate\Routing\Route), Object(Illuminate\Http\Request))
#6 /var/www/html/lr4/bootstrap/compiled.php(4838): Illuminate\Routing\Router->callRouteBefore(Object(Illuminate\Routing\Route), Object(Illuminate\Http\Request))
#7 /var/www/html/lr4/bootstrap/compiled.php(4828): Illuminate\Routing\Router->dispatchToRoute(Object(Illuminate\Http\Request))
#8 /var/www/html/lr4/bootstrap/compiled.php(721): Illuminate\Routing\Router->dispatch(Object(Illuminate\Http\Request))
#9 /var/www/html/lr4/bootstrap/compiled.php(702): Illuminate\Foundation\Application->dispatch(Object(Illuminate\Http\Request))
#10 /var/www/html/lr4/bootstrap/compiled.php(7533): Illuminate\Foundation\Application->handle(Object(Illuminate\Http\Request), 1, true)
#11 /var/www/html/lr4/bootstrap/compiled.php(8136): Illuminate\Session\Middleware->handle(Object(Illuminate\Http\Request), 1, true)
#12 /var/www/html/lr4/bootstrap/compiled.php(8083): Illuminate\Cookie\Queue->handle(Object(Illuminate\Http\Request), 1, true)
#13 /var/www/html/lr4/bootstrap/compiled.php(10719): Illuminate\Cookie\Guard->handle(Object(Illuminate\Http\Request), 1, true)
#14 /var/www/html/lr4/bootstrap/compiled.php(663): Stack\StackedHttpKernel->handle(Object(Illuminate\Http\Request))
#15 /var/www/html/lr4/public/index.php(49): Illuminate\Foundation\Application->run()
#16 /var/www/html/lr4/server.php(19): require_once('/var/www/html/l...')
#17 {main} [] []
